6:41:25 PM 1&#x2F;24&#x2F;2020 -> Data agreement denied
6:41:25 PM 1&#x2F;24&#x2F;2020 -> Sending saved parameter
6:43:34 PM 1&#x2F;24&#x2F;2020 -> Sending saved parameter
7:41:25 PM 1&#x2F;24&#x2F;2020 -> Data agreement denied
8:36:17 PM 1&#x2F;24&#x2F;2020 -> File creation complete!
8:36:17 PM 1&#x2F;24&#x2F;2020 -> Sent complete!
8:41:25 PM 1&#x2F;24&#x2F;2020 -> File creation complete!
8:41:25 PM 1&#x2F;24&#x2F;2020 -> Sent complete!
9:41:25 PM 1&#x2F;24&#x2F;2020 -> File creation complete!
9:41:25 PM 1&#x2F;24&#x2F;2020 -> Sent complete!
10:41:25 PM 1&#x2F;24&#x2F;2020 -> File creation complete!
10:41:25 PM 1&#x2F;24&#x2F;2020 -> Sent complete!
11:41:25 PM 1&#x2F;24&#x2F;2020 -> File creation complete!
11:41:25 PM 1&#x2F;24&#x2F;2020 -> Sent complete!
12:41:25 AM 1&#x2F;25&#x2F;2020 -> Created file: MOVIT+_1_6808A8_20200124.json
12:41:25 AM 1&#x2F;25&#x2F;2020 -> File creation complete!
1:41:25 AM 1&#x2F;25&#x2F;2020 -> Created file: MOVIT+_1_6808A8_20200124.json
1:41:25 AM 1&#x2F;25&#x2F;2020 -> File creation complete!
2:41:25 AM 1&#x2F;25&#x2F;2020 -> Created file: MOVIT+_1_6808A8_20200124.json
2:41:25 AM 1&#x2F;25&#x2F;2020 -> File creation complete!
3:41:25 AM 1&#x2F;25&#x2F;2020 -> Created file: MOVIT+_1_6808A8_20200124.json
3:41:25 AM 1&#x2F;25&#x2F;2020 -> File creation complete!
4:41:25 AM 1&#x2F;25&#x2F;2020 -> Created file: MOVIT+_1_6808A8_20200124.json
4:41:25 AM 1&#x2F;25&#x2F;2020 -> File creation complete!
5:41:25 AM 1&#x2F;25&#x2F;2020 -> Created file: MOVIT+_1_6808A8_20200124.json
5:41:25 AM 1&#x2F;25&#x2F;2020 -> File creation complete!
6:41:25 AM 1&#x2F;25&#x2F;2020 -> Created file: MOVIT+_1_6808A8_20200124.json
6:41:25 AM 1&#x2F;25&#x2F;2020 -> File creation complete!
7:41:25 AM 1&#x2F;25&#x2F;2020 -> Created file: MOVIT+_1_6808A8_20200124.json
7:41:25 AM 1&#x2F;25&#x2F;2020 -> File creation complete!
8:41:25 AM 1&#x2F;25&#x2F;2020 -> Created file: MOVIT+_1_6808A8_20200124.json
8:41:25 AM 1&#x2F;25&#x2F;2020 -> File creation complete!
9:41:25 AM 1&#x2F;25&#x2F;2020 -> Created file: MOVIT+_1_6808A8_20200124.json
9:41:25 AM 1&#x2F;25&#x2F;2020 -> File creation complete!
10:41:25 AM 1&#x2F;25&#x2F;2020 -> Created file: MOVIT+_1_6808A8_20200124.json
10:41:25 AM 1&#x2F;25&#x2F;2020 -> File creation complete!
11:41:25 AM 1&#x2F;25&#x2F;2020 -> Created file: MOVIT+_1_6808A8_20200124.json
11:41:25 AM 1&#x2F;25&#x2F;2020 -> File creation complete!
12:41:25 PM 1&#x2F;25&#x2F;2020 -> Created file: MOVIT+_1_6808A8_20200124.json
12:41:25 PM 1&#x2F;25&#x2F;2020 -> File creation complete!
1:41:25 PM 1&#x2F;25&#x2F;2020 -> Created file: MOVIT+_1_6808A8_20200124.json
1:41:25 PM 1&#x2F;25&#x2F;2020 -> File creation complete!
2:41:25 PM 1&#x2F;25&#x2F;2020 -> Created file: MOVIT+_1_6808A8_20200124.json
2:41:25 PM 1&#x2F;25&#x2F;2020 -> File creation complete!
3:41:25 PM 1&#x2F;25&#x2F;2020 -> Created file: MOVIT+_1_6808A8_20200124.json
3:41:25 PM 1&#x2F;25&#x2F;2020 -> File creation complete!
4:41:25 PM 1&#x2F;25&#x2F;2020 -> Created file: MOVIT+_1_6808A8_20200124.json
4:41:25 PM 1&#x2F;25&#x2F;2020 -> File creation complete!
5:41:25 PM 1&#x2F;25&#x2F;2020 -> Created file: MOVIT+_1_6808A8_20200124.json
5:41:25 PM 1&#x2F;25&#x2F;2020 -> File creation complete!
6:41:25 PM 1&#x2F;25&#x2F;2020 -> Created file: MOVIT+_1_6808A8_20200124.json
6:41:25 PM 1&#x2F;25&#x2F;2020 -> File creation complete!
7:41:25 PM 1&#x2F;25&#x2F;2020 -> Created file: MOVIT+_1_6808A8_20200124.json
7:41:25 PM 1&#x2F;25&#x2F;2020 -> File creation complete!
8:41:25 PM 1&#x2F;25&#x2F;2020 -> Created file: MOVIT+_1_6808A8_20200124.json
8:41:25 PM 1&#x2F;25&#x2F;2020 -> File creation complete!
9:41:25 PM 1&#x2F;25&#x2F;2020 -> Created file: MOVIT+_1_6808A8_20200124.json
9:41:25 PM 1&#x2F;25&#x2F;2020 -> File creation complete!
10:41:25 PM 1&#x2F;25&#x2F;2020 -> Created file: MOVIT+_1_6808A8_20200124.json
10:41:25 PM 1&#x2F;25&#x2F;2020 -> File creation complete!
11:41:25 PM 1&#x2F;25&#x2F;2020 -> Created file: MOVIT+_1_6808A8_20200124.json
11:41:25 PM 1&#x2F;25&#x2F;2020 -> File creation complete!
12:41:25 AM 1&#x2F;26&#x2F;2020 -> Created file: MOVIT+_1_6808A8_20200125.json
12:41:25 AM 1&#x2F;26&#x2F;2020 -> Created file: MOVIT+_1_6808A8_20200124.json
12:41:26 AM 1&#x2F;26&#x2F;2020 -> File creation complete!
1:41:25 AM 1&#x2F;26&#x2F;2020 -> Created file: MOVIT+_1_6808A8_20200125.json
1:41:26 AM 1&#x2F;26&#x2F;2020 -> Created file: MOVIT+_1_6808A8_20200124.json
1:41:26 AM 1&#x2F;26&#x2F;2020 -> File creation complete!
2:41:25 AM 1&#x2F;26&#x2F;2020 -> Created file: MOVIT+_1_6808A8_20200125.json
2:41:26 AM 1&#x2F;26&#x2F;2020 -> Created file: MOVIT+_1_6808A8_20200124.json
2:41:26 AM 1&#x2F;26&#x2F;2020 -> File creation complete!
3:41:25 AM 1&#x2F;26&#x2F;2020 -> Created file: MOVIT+_1_6808A8_20200125.json
3:41:26 AM 1&#x2F;26&#x2F;2020 -> Created file: MOVIT+_1_6808A8_20200124.json
3:41:26 AM 1&#x2F;26&#x2F;2020 -> File creation complete!
4:41:25 AM 1&#x2F;26&#x2F;2020 -> Created file: MOVIT+_1_6808A8_20200125.json
4:41:26 AM 1&#x2F;26&#x2F;2020 -> Created file: MOVIT+_1_6808A8_20200124.json
4:41:26 AM 1&#x2F;26&#x2F;2020 -> File creation complete!
5:41:25 AM 1&#x2F;26&#x2F;2020 -> Created file: MOVIT+_1_6808A8_20200125.json
5:41:26 AM 1&#x2F;26&#x2F;2020 -> Created file: MOVIT+_1_6808A8_20200124.json
5:41:26 AM 1&#x2F;26&#x2F;2020 -> File creation complete!
6:41:25 AM 1&#x2F;26&#x2F;2020 -> Created file: MOVIT+_1_6808A8_20200125.json
6:41:26 AM 1&#x2F;26&#x2F;2020 -> Created file: MOVIT+_1_6808A8_20200124.json
6:41:26 AM 1&#x2F;26&#x2F;2020 -> File creation complete!
7:41:25 AM 1&#x2F;26&#x2F;2020 -> Created file: MOVIT+_1_6808A8_20200125.json
7:41:26 AM 1&#x2F;26&#x2F;2020 -> Created file: MOVIT+_1_6808A8_20200124.json
7:41:26 AM 1&#x2F;26&#x2F;2020 -> File creation complete!
8:41:25 AM 1&#x2F;26&#x2F;2020 -> Created file: MOVIT+_1_6808A8_20200125.json
8:41:26 AM 1&#x2F;26&#x2F;2020 -> Created file: MOVIT+_1_6808A8_20200124.json
8:41:26 AM 1&#x2F;26&#x2F;2020 -> File creation complete!
9:41:25 AM 1&#x2F;26&#x2F;2020 -> Created file: MOVIT+_1_6808A8_20200125.json
9:41:26 AM 1&#x2F;26&#x2F;2020 -> Created file: MOVIT+_1_6808A8_20200124.json
9:41:26 AM 1&#x2F;26&#x2F;2020 -> File creation complete!
10:41:25 AM 1&#x2F;26&#x2F;2020 -> Created file: MOVIT+_1_6808A8_20200125.json
10:41:26 AM 1&#x2F;26&#x2F;2020 -> Created file: MOVIT+_1_6808A8_20200124.json
10:41:26 AM 1&#x2F;26&#x2F;2020 -> File creation complete!
11:41:25 AM 1&#x2F;26&#x2F;2020 -> Created file: MOVIT+_1_6808A8_20200125.json
11:41:26 AM 1&#x2F;26&#x2F;2020 -> Created file: MOVIT+_1_6808A8_20200124.json
11:41:26 AM 1&#x2F;26&#x2F;2020 -> File creation complete!
12:41:25 PM 1&#x2F;26&#x2F;2020 -> Created file: MOVIT+_1_6808A8_20200125.json
12:41:26 PM 1&#x2F;26&#x2F;2020 -> Created file: MOVIT+_1_6808A8_20200124.json
12:41:26 PM 1&#x2F;26&#x2F;2020 -> File creation complete!
1:41:25 PM 1&#x2F;26&#x2F;2020 -> Created file: MOVIT+_1_6808A8_20200125.json
1:41:26 PM 1&#x2F;26&#x2F;2020 -> Created file: MOVIT+_1_6808A8_20200124.json
1:41:26 PM 1&#x2F;26&#x2F;2020 -> File creation complete!
2:41:25 PM 1&#x2F;26&#x2F;2020 -> Created file: MOVIT+_1_6808A8_20200125.json
2:41:26 PM 1&#x2F;26&#x2F;2020 -> Created file: MOVIT+_1_6808A8_20200124.json
2:41:26 PM 1&#x2F;26&#x2F;2020 -> File creation complete!
3:41:25 PM 1&#x2F;26&#x2F;2020 -> Created file: MOVIT+_1_6808A8_20200125.json
3:41:26 PM 1&#x2F;26&#x2F;2020 -> Created file: MOVIT+_1_6808A8_20200124.json
3:41:26 PM 1&#x2F;26&#x2F;2020 -> File creation complete!
4:41:25 PM 1&#x2F;26&#x2F;2020 -> Created file: MOVIT+_1_6808A8_20200125.json
4:41:26 PM 1&#x2F;26&#x2F;2020 -> Created file: MOVIT+_1_6808A8_20200124.json
4:41:26 PM 1&#x2F;26&#x2F;2020 -> File creation complete!
5:41:25 PM 1&#x2F;26&#x2F;2020 -> Created file: MOVIT+_1_6808A8_20200125.json
5:41:26 PM 1&#x2F;26&#x2F;2020 -> Created file: MOVIT+_1_6808A8_20200124.json
5:41:26 PM 1&#x2F;26&#x2F;2020 -> File creation complete!
6:41:25 PM 1&#x2F;26&#x2F;2020 -> Created file: MOVIT+_1_6808A8_20200125.json
6:41:26 PM 1&#x2F;26&#x2F;2020 -> Created file: MOVIT+_1_6808A8_20200124.json
6:41:26 PM 1&#x2F;26&#x2F;2020 -> File creation complete!
7:41:25 PM 1&#x2F;26&#x2F;2020 -> Created file: MOVIT+_1_6808A8_20200125.json
7:41:26 PM 1&#x2F;26&#x2F;2020 -> Created file: MOVIT+_1_6808A8_20200124.json
7:41:26 PM 1&#x2F;26&#x2F;2020 -> File creation complete!
8:41:25 PM 1&#x2F;26&#x2F;2020 -> Created file: MOVIT+_1_6808A8_20200125.json
8:41:26 PM 1&#x2F;26&#x2F;2020 -> Created file: MOVIT+_1_6808A8_20200124.json
8:41:26 PM 1&#x2F;26&#x2F;2020 -> File creation complete!
9:41:25 PM 1&#x2F;26&#x2F;2020 -> Created file: MOVIT+_1_6808A8_20200125.json
9:41:26 PM 1&#x2F;26&#x2F;2020 -> Created file: MOVIT+_1_6808A8_20200124.json
9:41:26 PM 1&#x2F;26&#x2F;2020 -> File creation complete!
10:41:25 PM 1&#x2F;26&#x2F;2020 -> Created file: MOVIT+_1_6808A8_20200125.json
10:41:26 PM 1&#x2F;26&#x2F;2020 -> Created file: MOVIT+_1_6808A8_20200124.json
10:41:26 PM 1&#x2F;26&#x2F;2020 -> File creation complete!
11:41:25 PM 1&#x2F;26&#x2F;2020 -> Created file: MOVIT+_1_6808A8_20200125.json
11:41:26 PM 1&#x2F;26&#x2F;2020 -> Created file: MOVIT+_1_6808A8_20200124.json
11:41:26 PM 1&#x2F;26&#x2F;2020 -> File creation complete!
12:41:25 AM 1&#x2F;27&#x2F;2020 -> Created file: MOVIT+_1_6808A8_20200126.json
12:41:26 AM 1&#x2F;27&#x2F;2020 -> Created file: MOVIT+_1_6808A8_20200125.json
12:41:26 AM 1&#x2F;27&#x2F;2020 -> Created file: MOVIT+_1_6808A8_20200124.json
12:41:26 AM 1&#x2F;27&#x2F;2020 -> File creation complete!
1:41:25 AM 1&#x2F;27&#x2F;2020 -> Created file: MOVIT+_1_6808A8_20200126.json
1:41:26 AM 1&#x2F;27&#x2F;2020 -> Created file: MOVIT+_1_6808A8_20200125.json
1:41:26 AM 1&#x2F;27&#x2F;2020 -> Created file: MOVIT+_1_6808A8_20200124.json
1:41:26 AM 1&#x2F;27&#x2F;2020 -> File creation complete!
2:41:25 AM 1&#x2F;27&#x2F;2020 -> Created file: MOVIT+_1_6808A8_20200126.json
2:41:26 AM 1&#x2F;27&#x2F;2020 -> Created file: MOVIT+_1_6808A8_20200125.json
2:41:26 AM 1&#x2F;27&#x2F;2020 -> Created file: MOVIT+_1_6808A8_20200124.json
2:41:26 AM 1&#x2F;27&#x2F;2020 -> File creation complete!
3:41:25 AM 1&#x2F;27&#x2F;2020 -> Created file: MOVIT+_1_6808A8_20200126.json
3:41:26 AM 1&#x2F;27&#x2F;2020 -> Created file: MOVIT+_1_6808A8_20200125.json
3:41:26 AM 1&#x2F;27&#x2F;2020 -> Created file: MOVIT+_1_6808A8_20200124.json
3:41:26 AM 1&#x2F;27&#x2F;2020 -> File creation complete!
4:41:25 AM 1&#x2F;27&#x2F;2020 -> Created file: MOVIT+_1_6808A8_20200126.json
4:41:26 AM 1&#x2F;27&#x2F;2020 -> Created file: MOVIT+_1_6808A8_20200125.json
4:41:26 AM 1&#x2F;27&#x2F;2020 -> Created file: MOVIT+_1_6808A8_20200124.json
4:41:26 AM 1&#x2F;27&#x2F;2020 -> File creation complete!
5:41:25 AM 1&#x2F;27&#x2F;2020 -> Created file: MOVIT+_1_6808A8_20200126.json
5:41:26 AM 1&#x2F;27&#x2F;2020 -> Created file: MOVIT+_1_6808A8_20200125.json
5:41:26 AM 1&#x2F;27&#x2F;2020 -> Created file: MOVIT+_1_6808A8_20200124.json
5:41:26 AM 1&#x2F;27&#x2F;2020 -> File creation complete!
6:41:25 AM 1&#x2F;27&#x2F;2020 -> Created file: MOVIT+_1_6808A8_20200126.json
6:41:26 AM 1&#x2F;27&#x2F;2020 -> Created file: MOVIT+_1_6808A8_20200125.json
6:41:26 AM 1&#x2F;27&#x2F;2020 -> Created file: MOVIT+_1_6808A8_20200124.json
6:41:26 AM 1&#x2F;27&#x2F;2020 -> File creation complete!
7:41:25 AM 1&#x2F;27&#x2F;2020 -> Created file: MOVIT+_1_6808A8_20200126.json
7:41:26 AM 1&#x2F;27&#x2F;2020 -> Created file: MOVIT+_1_6808A8_20200125.json
7:41:26 AM 1&#x2F;27&#x2F;2020 -> Created file: MOVIT+_1_6808A8_20200124.json
7:41:26 AM 1&#x2F;27&#x2F;2020 -> File creation complete!
8:41:25 AM 1&#x2F;27&#x2F;2020 -> Created file: MOVIT+_1_6808A8_20200126.json
8:41:26 AM 1&#x2F;27&#x2F;2020 -> Created file: MOVIT+_1_6808A8_20200125.json
8:41:26 AM 1&#x2F;27&#x2F;2020 -> Created file: MOVIT+_1_6808A8_20200124.json
8:41:26 AM 1&#x2F;27&#x2F;2020 -> File creation complete!
9:41:25 AM 1&#x2F;27&#x2F;2020 -> Created file: MOVIT+_1_6808A8_20200126.json
9:41:26 AM 1&#x2F;27&#x2F;2020 -> Created file: MOVIT+_1_6808A8_20200125.json
9:41:26 AM 1&#x2F;27&#x2F;2020 -> Created file: MOVIT+_1_6808A8_20200124.json
9:41:26 AM 1&#x2F;27&#x2F;2020 -> File creation complete!
10:41:25 AM 1&#x2F;27&#x2F;2020 -> Created file: MOVIT+_1_6808A8_20200126.json
10:41:27 AM 1&#x2F;27&#x2F;2020 -> Created file: MOVIT+_1_6808A8_20200125.json
10:41:27 AM 1&#x2F;27&#x2F;2020 -> Created file: MOVIT+_1_6808A8_20200124.json
10:41:27 AM 1&#x2F;27&#x2F;2020 -> File creation complete!
11:41:25 AM 1&#x2F;27&#x2F;2020 -> Created file: MOVIT+_1_6808A8_20200126.json
11:41:26 AM 1&#x2F;27&#x2F;2020 -> Created file: MOVIT+_1_6808A8_20200125.json
11:41:26 AM 1&#x2F;27&#x2F;2020 -> Created file: MOVIT+_1_6808A8_20200124.json
11:41:26 AM 1&#x2F;27&#x2F;2020 -> File creation complete!
12:41:25 PM 1&#x2F;27&#x2F;2020 -> Created file: MOVIT+_1_6808A8_20200126.json
12:41:26 PM 1&#x2F;27&#x2F;2020 -> Created file: MOVIT+_1_6808A8_20200125.json
12:41:26 PM 1&#x2F;27&#x2F;2020 -> Created file: MOVIT+_1_6808A8_20200124.json
12:41:26 PM 1&#x2F;27&#x2F;2020 -> File creation complete!
1:00:59 PM 1&#x2F;27&#x2F;2020 -> Sending saved parameter
1:01:01 PM 1&#x2F;27&#x2F;2020 -> Closing NotificationState
1:01:01 PM 1&#x2F;27&#x2F;2020 -> Closing SeatingState
1:01:01 PM 1&#x2F;27&#x2F;2020 -> Created file: MOVIT+_1_6808A8_20200126.json
1:01:02 PM 1&#x2F;27&#x2F;2020 -> Created file: MOVIT+_1_6808A8_20200125.json
1:01:02 PM 1&#x2F;27&#x2F;2020 -> Created file: MOVIT+_1_6808A8_20200124.json
1:01:02 PM 1&#x2F;27&#x2F;2020 -> File creation complete!
1:01:12 PM 1&#x2F;27&#x2F;2020 -> Closing AngleState
1:05:12 PM 1&#x2F;27&#x2F;2020 -> Created file: MOVIT+_1_6808A8_20200126.json
1:05:13 PM 1&#x2F;27&#x2F;2020 -> Created file: MOVIT+_1_6808A8_20200125.json
1:05:13 PM 1&#x2F;27&#x2F;2020 -> Created file: MOVIT+_1_6808A8_20200124.json
1:05:13 PM 1&#x2F;27&#x2F;2020 -> File creation complete!
1:06:06 PM 1&#x2F;27&#x2F;2020 -> Sending saved parameter
1:06:07 PM 1&#x2F;27&#x2F;2020 -> Created file: MOVIT+_1_6808A8_20200126.json
1:06:08 PM 1&#x2F;27&#x2F;2020 -> Created file: MOVIT+_1_6808A8_20200125.json
1:06:08 PM 1&#x2F;27&#x2F;2020 -> Created file: MOVIT+_1_6808A8_20200124.json
1:06:08 PM 1&#x2F;27&#x2F;2020 -> File creation complete!
1:07:04 PM 1&#x2F;27&#x2F;2020 -> Sending saved parameter
1:07:05 PM 1&#x2F;27&#x2F;2020 -> Created file: MOVIT+_1_6808A8_20200126.json
1:07:06 PM 1&#x2F;27&#x2F;2020 -> Created file: MOVIT+_1_6808A8_20200125.json
1:07:06 PM 1&#x2F;27&#x2F;2020 -> Created file: MOVIT+_1_6808A8_20200124.json
1:07:06 PM 1&#x2F;27&#x2F;2020 -> File creation complete!
1:07:23 PM 1&#x2F;27&#x2F;2020 -> Sending saved parameter
1:07:24 PM 1&#x2F;27&#x2F;2020 -> Created file: MOVIT+_1_6808A8_20200126.json
1:07:24 PM 1&#x2F;27&#x2F;2020 -> Created file: MOVIT+_1_6808A8_20200125.json
1:07:25 PM 1&#x2F;27&#x2F;2020 -> Created file: MOVIT+_1_6808A8_20200124.json
1:07:25 PM 1&#x2F;27&#x2F;2020 -> File creation complete!
1:12:12 PM 1&#x2F;27&#x2F;2020 -> Sending saved parameter
1:12:13 PM 1&#x2F;27&#x2F;2020 -> Created file: MOVIT+_1_6808A8_20200126.json
1:12:14 PM 1&#x2F;27&#x2F;2020 -> Created file: MOVIT+_1_6808A8_20200125.json
1:12:14 PM 1&#x2F;27&#x2F;2020 -> Created file: MOVIT+_1_6808A8_20200124.json
1:12:14 PM 1&#x2F;27&#x2F;2020 -> File creation complete!
1:13:43 PM 1&#x2F;27&#x2F;2020 -> Data agreement denied
1:13:43 PM 1&#x2F;27&#x2F;2020 -> Sending saved parameter
1:14:32 PM 1&#x2F;27&#x2F;2020 -> Data agreement denied
1:16:15 PM 1&#x2F;27&#x2F;2020 -> Data agreement denied
1:16:22 PM 1&#x2F;27&#x2F;2020 -> Data agreement denied
1:17:19 PM 1&#x2F;27&#x2F;2020 -> Created file: MOVIT+_1_6808A8_20200126.json
1:17:20 PM 1&#x2F;27&#x2F;2020 -> Created file: MOVIT+_1_6808A8_20200125.json
1:17:20 PM 1&#x2F;27&#x2F;2020 -> Created file: MOVIT+_1_6808A8_20200124.json
1:17:20 PM 1&#x2F;27&#x2F;2020 -> File creation complete!
1:18:38 PM 1&#x2F;27&#x2F;2020 -> Data agreement denied
1:18:38 PM 1&#x2F;27&#x2F;2020 -> Sending saved parameter
1:22:37 PM 1&#x2F;27&#x2F;2020 -> Data agreement denied
1:23:37 PM 1&#x2F;27&#x2F;2020 -> Created file: MOVIT+_1_6808A8_20200126.json
1:23:38 PM 1&#x2F;27&#x2F;2020 -> Created file: MOVIT+_1_6808A8_20200125.json
1:23:38 PM 1&#x2F;27&#x2F;2020 -> Created file: MOVIT+_1_6808A8_20200124.json
1:23:38 PM 1&#x2F;27&#x2F;2020 -> File creation complete!
1:23:38 PM 1&#x2F;27&#x2F;2020 -> [object Object],[object Object],[object Object]
1:28:16 PM 1&#x2F;27&#x2F;2020 -> Created file: MOVIT+_1_6808A8_20200126.json
1:28:16 PM 1&#x2F;27&#x2F;2020 -> Created file: MOVIT+_1_6808A8_20200125.json
1:28:16 PM 1&#x2F;27&#x2F;2020 -> Created file: MOVIT+_1_6808A8_20200124.json
1:28:16 PM 1&#x2F;27&#x2F;2020 -> File creation complete!
1:28:16 PM 1&#x2F;27&#x2F;2020 -> [object Object],[object Object],[object Object]
1:30:53 PM 1&#x2F;27&#x2F;2020 -> 
1:31:07 PM 1&#x2F;27&#x2F;2020 -> 
1:36:19 PM 1&#x2F;27&#x2F;2020 -> Created file: MOVIT+_1_6808A8_20200126.json
1:36:19 PM 1&#x2F;27&#x2F;2020 -> Created file: MOVIT+_1_6808A8_20200125.json
1:36:19 PM 1&#x2F;27&#x2F;2020 -> Created file: MOVIT+_1_6808A8_20200124.json
1:36:19 PM 1&#x2F;27&#x2F;2020 -> File creation complete!
1:36:19 PM 1&#x2F;27&#x2F;2020 -> [object Object],[object Object],[object Object]
1:36:30 PM 1&#x2F;27&#x2F;2020 -> Created file: MOVIT+_1_6808A8_20200126.json
1:36:30 PM 1&#x2F;27&#x2F;2020 -> Created file: MOVIT+_1_6808A8_20200125.json
1:36:31 PM 1&#x2F;27&#x2F;2020 -> Created file: MOVIT+_1_6808A8_20200124.json
1:36:31 PM 1&#x2F;27&#x2F;2020 -> File creation complete!
1:36:31 PM 1&#x2F;27&#x2F;2020 -> [object Object],[object Object],[object Object]
1:36:59 PM 1&#x2F;27&#x2F;2020 -> Created file: MOVIT+_1_6808A8_20200126.json
1:37:00 PM 1&#x2F;27&#x2F;2020 -> Created file: MOVIT+_1_6808A8_20200125.json
1:37:00 PM 1&#x2F;27&#x2F;2020 -> Created file: MOVIT+_1_6808A8_20200124.json
1:37:00 PM 1&#x2F;27&#x2F;2020 -> File creation complete!
1:37:00 PM 1&#x2F;27&#x2F;2020 -> [object Object],[object Object],[object Object]
1:37:06 PM 1&#x2F;27&#x2F;2020 -> Created file: MOVIT+_1_6808A8_20200126.json
1:37:07 PM 1&#x2F;27&#x2F;2020 -> Created file: MOVIT+_1_6808A8_20200125.json
1:37:07 PM 1&#x2F;27&#x2F;2020 -> Created file: MOVIT+_1_6808A8_20200124.json
1:37:07 PM 1&#x2F;27&#x2F;2020 -> File creation complete!
1:37:07 PM 1&#x2F;27&#x2F;2020 -> [object Object],[object Object],[object Object]
1:37:11 PM 1&#x2F;27&#x2F;2020 -> Created file: MOVIT+_1_6808A8_20200126.json
1:37:11 PM 1&#x2F;27&#x2F;2020 -> Created file: MOVIT+_1_6808A8_20200125.json
1:37:11 PM 1&#x2F;27&#x2F;2020 -> Created file: MOVIT+_1_6808A8_20200124.json
1:37:11 PM 1&#x2F;27&#x2F;2020 -> File creation complete!
1:37:11 PM 1&#x2F;27&#x2F;2020 -> [object Object],[object Object],[object Object]
1:37:47 PM 1&#x2F;27&#x2F;2020 -> Created file: MOVIT+_1_6808A8_20200126.json
1:37:47 PM 1&#x2F;27&#x2F;2020 -> Created file: MOVIT+_1_6808A8_20200125.json
1:37:47 PM 1&#x2F;27&#x2F;2020 -> Created file: MOVIT+_1_6808A8_20200124.json
1:37:47 PM 1&#x2F;27&#x2F;2020 -> File creation complete!
1:37:47 PM 1&#x2F;27&#x2F;2020 -> [object Object],[object Object],[object Object]
1:37:53 PM 1&#x2F;27&#x2F;2020 -> Created file: MOVIT+_1_6808A8_20200126.json
1:37:54 PM 1&#x2F;27&#x2F;2020 -> Created file: MOVIT+_1_6808A8_20200125.json
1:37:54 PM 1&#x2F;27&#x2F;2020 -> Created file: MOVIT+_1_6808A8_20200124.json
1:37:54 PM 1&#x2F;27&#x2F;2020 -> File creation complete!
1:37:54 PM 1&#x2F;27&#x2F;2020 -> [object Object],[object Object],[object Object]
1:39:36 PM 1&#x2F;27&#x2F;2020 -> Created file: MOVIT+_1_6808A8_20200126.json
1:39:37 PM 1&#x2F;27&#x2F;2020 -> Created file: MOVIT+_1_6808A8_20200125.json
1:39:37 PM 1&#x2F;27&#x2F;2020 -> Created file: MOVIT+_1_6808A8_20200124.json
1:39:37 PM 1&#x2F;27&#x2F;2020 -> File creation complete!
1:39:37 PM 1&#x2F;27&#x2F;2020 -> [object Object],[object Object],[object Object]
1:41:24 PM 1&#x2F;27&#x2F;2020 -> Created file: MOVIT+_1_6808A8_20200126.json
1:41:25 PM 1&#x2F;27&#x2F;2020 -> Created file: MOVIT+_1_6808A8_20200125.json
1:41:25 PM 1&#x2F;27&#x2F;2020 -> Created file: MOVIT+_1_6808A8_20200124.json
1:41:25 PM 1&#x2F;27&#x2F;2020 -> File creation complete!
1:41:25 PM 1&#x2F;27&#x2F;2020 -> [object Object],[object Object],[object Object]
1:42:36 PM 1&#x2F;27&#x2F;2020 -> Created file: MOVIT+_1_6808A8_20200126.json
1:42:36 PM 1&#x2F;27&#x2F;2020 -> Created file: MOVIT+_1_6808A8_20200125.json
1:42:36 PM 1&#x2F;27&#x2F;2020 -> Created file: MOVIT+_1_6808A8_20200124.json
1:42:36 PM 1&#x2F;27&#x2F;2020 -> File creation complete!
1:42:36 PM 1&#x2F;27&#x2F;2020 -> [object Object],[object Object],[object Object]
1:44:03 PM 1&#x2F;27&#x2F;2020 -> Created file: MOVIT+_1_6808A8_20200126.json
1:44:04 PM 1&#x2F;27&#x2F;2020 -> Created file: MOVIT+_1_6808A8_20200125.json
1:44:04 PM 1&#x2F;27&#x2F;2020 -> Created file: MOVIT+_1_6808A8_20200124.json
1:44:04 PM 1&#x2F;27&#x2F;2020 -> File creation complete!
1:44:04 PM 1&#x2F;27&#x2F;2020 -> [object Object],[object Object],[object Object]
1:44:15 PM 1&#x2F;27&#x2F;2020 -> Created file: MOVIT+_1_6808A8_20200126.json
1:44:16 PM 1&#x2F;27&#x2F;2020 -> Created file: MOVIT+_1_6808A8_20200125.json
1:44:16 PM 1&#x2F;27&#x2F;2020 -> Created file: MOVIT+_1_6808A8_20200124.json
1:44:16 PM 1&#x2F;27&#x2F;2020 -> File creation complete!
1:44:16 PM 1&#x2F;27&#x2F;2020 -> [object Object],[object Object],[object Object]
1:44:30 PM 1&#x2F;27&#x2F;2020 -> Created file: MOVIT+_1_6808A8_20200126.json
1:44:30 PM 1&#x2F;27&#x2F;2020 -> Created file: MOVIT+_1_6808A8_20200125.json
1:44:30 PM 1&#x2F;27&#x2F;2020 -> Created file: MOVIT+_1_6808A8_20200124.json
1:44:30 PM 1&#x2F;27&#x2F;2020 -> File creation complete!
1:44:30 PM 1&#x2F;27&#x2F;2020 -> [object Object],[object Object],[object Object]
1:50:38 PM 1&#x2F;27&#x2F;2020 -> Created file: MOVIT+_1_6808A8_20200126.json
1:50:39 PM 1&#x2F;27&#x2F;2020 -> Created file: MOVIT+_1_6808A8_20200125.json
1:50:39 PM 1&#x2F;27&#x2F;2020 -> Created file: MOVIT+_1_6808A8_20200124.json
1:50:39 PM 1&#x2F;27&#x2F;2020 -> File creation complete!
1:50:39 PM 1&#x2F;27&#x2F;2020 -> [object Object],[object Object],[object Object]
1:50:48 PM 1&#x2F;27&#x2F;2020 -> Created file: MOVIT+_1_6808A8_20200126.json
1:50:49 PM 1&#x2F;27&#x2F;2020 -> Created file: MOVIT+_1_6808A8_20200125.json
1:50:49 PM 1&#x2F;27&#x2F;2020 -> Created file: MOVIT+_1_6808A8_20200124.json
1:50:49 PM 1&#x2F;27&#x2F;2020 -> File creation complete!
1:50:49 PM 1&#x2F;27&#x2F;2020 -> [object Object],[object Object],[object Object]
1:54:05 PM 1&#x2F;27&#x2F;2020 -> Created file: MOVIT+_1_6808A8_20200126.json
1:54:05 PM 1&#x2F;27&#x2F;2020 -> Created file: MOVIT+_1_6808A8_20200125.json
1:54:05 PM 1&#x2F;27&#x2F;2020 -> Created file: MOVIT+_1_6808A8_20200124.json
1:54:05 PM 1&#x2F;27&#x2F;2020 -> File creation complete!
1:54:05 PM 1&#x2F;27&#x2F;2020 -> [object Object],[object Object],[object Object]
1:54:51 PM 1&#x2F;27&#x2F;2020 -> Created file: MOVIT+_1_6808A8_20200126.json
1:54:51 PM 1&#x2F;27&#x2F;2020 -> Created file: MOVIT+_1_6808A8_20200125.json
1:54:52 PM 1&#x2F;27&#x2F;2020 -> Created file: MOVIT+_1_6808A8_20200124.json
1:54:52 PM 1&#x2F;27&#x2F;2020 -> File creation complete!
1:54:52 PM 1&#x2F;27&#x2F;2020 -> [object Object],[object Object],[object Object]
1:58:47 PM 1&#x2F;27&#x2F;2020 -> Created file: MOVIT+_1_6808A8_20200126.json
1:58:48 PM 1&#x2F;27&#x2F;2020 -> Created file: MOVIT+_1_6808A8_20200125.json
1:58:48 PM 1&#x2F;27&#x2F;2020 -> Created file: MOVIT+_1_6808A8_20200124.json
1:58:48 PM 1&#x2F;27&#x2F;2020 -> File creation complete!
1:58:48 PM 1&#x2F;27&#x2F;2020 -> [object Object],[object Object],[object Object]
1:59:26 PM 1&#x2F;27&#x2F;2020 -> Created file: MOVIT+_1_6808A8_20200126.json
1:59:26 PM 1&#x2F;27&#x2F;2020 -> Created file: MOVIT+_1_6808A8_20200125.json
1:59:26 PM 1&#x2F;27&#x2F;2020 -> Created file: MOVIT+_1_6808A8_20200124.json
1:59:26 PM 1&#x2F;27&#x2F;2020 -> File creation complete!
1:59:26 PM 1&#x2F;27&#x2F;2020 -> [object Object],[object Object],[object Object]
1:59:31 PM 1&#x2F;27&#x2F;2020 -> Created file: MOVIT+_1_6808A8_20200126.json
1:59:31 PM 1&#x2F;27&#x2F;2020 -> Created file: MOVIT+_1_6808A8_20200125.json
1:59:31 PM 1&#x2F;27&#x2F;2020 -> Created file: MOVIT+_1_6808A8_20200124.json
1:59:31 PM 1&#x2F;27&#x2F;2020 -> File creation complete!
1:59:31 PM 1&#x2F;27&#x2F;2020 -> [object Object],[object Object],[object Object]
2:01:58 PM 1&#x2F;27&#x2F;2020 -> Created file: MOVIT+_1_6808A8_20200126.json
2:01:59 PM 1&#x2F;27&#x2F;2020 -> Created file: MOVIT+_1_6808A8_20200125.json
2:01:59 PM 1&#x2F;27&#x2F;2020 -> Created file: MOVIT+_1_6808A8_20200124.json
2:01:59 PM 1&#x2F;27&#x2F;2020 -> File creation complete!
2:01:59 PM 1&#x2F;27&#x2F;2020 -> [object Object],[object Object],[object Object]
2:03:10 PM 1&#x2F;27&#x2F;2020 -> Created file: MOVIT+_1_6808A8_20200126.json
2:03:10 PM 1&#x2F;27&#x2F;2020 -> Created file: MOVIT+_1_6808A8_20200125.json
2:03:10 PM 1&#x2F;27&#x2F;2020 -> Created file: MOVIT+_1_6808A8_20200124.json
2:03:10 PM 1&#x2F;27&#x2F;2020 -> File creation complete!
2:03:10 PM 1&#x2F;27&#x2F;2020 -> [object Object],[object Object],[object Object]
2:03:17 PM 1&#x2F;27&#x2F;2020 -> Created file: MOVIT+_1_6808A8_20200126.json
2:03:18 PM 1&#x2F;27&#x2F;2020 -> Created file: MOVIT+_1_6808A8_20200125.json
2:03:18 PM 1&#x2F;27&#x2F;2020 -> Created file: MOVIT+_1_6808A8_20200124.json
2:03:18 PM 1&#x2F;27&#x2F;2020 -> File creation complete!
2:03:18 PM 1&#x2F;27&#x2F;2020 -> [object Object],[object Object],[object Object]
2:05:06 PM 1&#x2F;27&#x2F;2020 -> Created file: MOVIT+_1_6808A8_20200126.json
2:05:06 PM 1&#x2F;27&#x2F;2020 -> Created file: MOVIT+_1_6808A8_20200125.json
2:05:06 PM 1&#x2F;27&#x2F;2020 -> Created file: MOVIT+_1_6808A8_20200124.json
2:05:06 PM 1&#x2F;27&#x2F;2020 -> File creation complete!
2:05:06 PM 1&#x2F;27&#x2F;2020 -> [object Object],[object Object],[object Object]
2:05:10 PM 1&#x2F;27&#x2F;2020 -> Created file: MOVIT+_1_6808A8_20200126.json
2:05:11 PM 1&#x2F;27&#x2F;2020 -> Created file: MOVIT+_1_6808A8_20200125.json
2:05:11 PM 1&#x2F;27&#x2F;2020 -> Created file: MOVIT+_1_6808A8_20200124.json
2:05:11 PM 1&#x2F;27&#x2F;2020 -> File creation complete!
2:05:11 PM 1&#x2F;27&#x2F;2020 -> [object Object],[object Object],[object Object]
2:05:48 PM 1&#x2F;27&#x2F;2020 -> Created file: MOVIT+_1_6808A8_20200126.json
2:05:49 PM 1&#x2F;27&#x2F;2020 -> Created file: MOVIT+_1_6808A8_20200125.json
2:05:49 PM 1&#x2F;27&#x2F;2020 -> Created file: MOVIT+_1_6808A8_20200124.json
2:05:49 PM 1&#x2F;27&#x2F;2020 -> File creation complete!
2:05:49 PM 1&#x2F;27&#x2F;2020 -> [object Object],[object Object],[object Object]
2:09:09 PM 1&#x2F;27&#x2F;2020 -> Created file: MOVIT+_1_6808A8_20200126.json
2:09:09 PM 1&#x2F;27&#x2F;2020 -> Created file: MOVIT+_1_6808A8_20200125.json
2:09:09 PM 1&#x2F;27&#x2F;2020 -> Created file: MOVIT+_1_6808A8_20200124.json
2:09:09 PM 1&#x2F;27&#x2F;2020 -> File creation complete!
2:09:09 PM 1&#x2F;27&#x2F;2020 -> [object Object],[object Object],[object Object]
2:18:39 PM 1&#x2F;27&#x2F;2020 -> Created file: MOVIT+_1_6808A8_20200126.json
2:18:39 PM 1&#x2F;27&#x2F;2020 -> Created file: MOVIT+_1_6808A8_20200125.json
2:18:39 PM 1&#x2F;27&#x2F;2020 -> Created file: MOVIT+_1_6808A8_20200124.json
2:18:39 PM 1&#x2F;27&#x2F;2020 -> File creation complete!
2:18:39 PM 1&#x2F;27&#x2F;2020 -> [object Object],[object Object],[object Object]
2:20:05 PM 1&#x2F;27&#x2F;2020 -> Created file: MOVIT+_1_6808A8_20200126.json
2:20:06 PM 1&#x2F;27&#x2F;2020 -> Created file: MOVIT+_1_6808A8_20200125.json
2:20:06 PM 1&#x2F;27&#x2F;2020 -> Created file: MOVIT+_1_6808A8_20200124.json
2:20:06 PM 1&#x2F;27&#x2F;2020 -> File creation complete!
2:20:06 PM 1&#x2F;27&#x2F;2020 -> [object Object],[object Object],[object Object]
2:22:00 PM 1&#x2F;27&#x2F;2020 -> Created file: MOVIT+_1_6808A8_20200126.json
2:22:00 PM 1&#x2F;27&#x2F;2020 -> Created file: MOVIT+_1_6808A8_20200125.json
2:22:00 PM 1&#x2F;27&#x2F;2020 -> Created file: MOVIT+_1_6808A8_20200124.json
2:22:00 PM 1&#x2F;27&#x2F;2020 -> File creation complete!
2:22:00 PM 1&#x2F;27&#x2F;2020 -> [object Object],[object Object],[object Object]
2:23:47 PM 1&#x2F;27&#x2F;2020 -> Created file: MOVIT+_1_6808A8_20200126.json
2:23:48 PM 1&#x2F;27&#x2F;2020 -> Created file: MOVIT+_1_6808A8_20200125.json
2:23:48 PM 1&#x2F;27&#x2F;2020 -> Created file: MOVIT+_1_6808A8_20200124.json
2:23:48 PM 1&#x2F;27&#x2F;2020 -> File creation complete!
2:23:48 PM 1&#x2F;27&#x2F;2020 -> [object Object],[object Object],[object Object]
2:25:16 PM 1&#x2F;27&#x2F;2020 -> Created file: MOVIT+_1_6808A8_20200126.json
2:25:17 PM 1&#x2F;27&#x2F;2020 -> Created file: MOVIT+_1_6808A8_20200125.json
2:25:17 PM 1&#x2F;27&#x2F;2020 -> Created file: MOVIT+_1_6808A8_20200124.json
2:25:17 PM 1&#x2F;27&#x2F;2020 -> File creation complete!
2:25:17 PM 1&#x2F;27&#x2F;2020 -> [object Object],[object Object],[object Object]
2:27:04 PM 1&#x2F;27&#x2F;2020 -> Created file: MOVIT+_1_6808A8_20200126.json
2:27:05 PM 1&#x2F;27&#x2F;2020 -> Created file: MOVIT+_1_6808A8_20200125.json
2:27:05 PM 1&#x2F;27&#x2F;2020 -> Created file: MOVIT+_1_6808A8_20200124.json
2:27:05 PM 1&#x2F;27&#x2F;2020 -> File creation complete!
2:27:05 PM 1&#x2F;27&#x2F;2020 -> [object Object],[object Object],[object Object]
2:28:10 PM 1&#x2F;27&#x2F;2020 -> Created file: MOVIT+_1_6808A8_20200126.json
2:28:11 PM 1&#x2F;27&#x2F;2020 -> Created file: MOVIT+_1_6808A8_20200125.json
2:28:11 PM 1&#x2F;27&#x2F;2020 -> Created file: MOVIT+_1_6808A8_20200124.json
2:28:11 PM 1&#x2F;27&#x2F;2020 -> File creation complete!
2:28:11 PM 1&#x2F;27&#x2F;2020 -> [object Object],[object Object],[object Object]
2:28:40 PM 1&#x2F;27&#x2F;2020 -> Created file: MOVIT+_1_6808A8_20200126.json
2:28:41 PM 1&#x2F;27&#x2F;2020 -> Created file: MOVIT+_1_6808A8_20200125.json
2:28:41 PM 1&#x2F;27&#x2F;2020 -> Created file: MOVIT+_1_6808A8_20200124.json
2:28:41 PM 1&#x2F;27&#x2F;2020 -> File creation complete!
2:28:41 PM 1&#x2F;27&#x2F;2020 -> [object Object],[object Object],[object Object]
2:37:05 PM 1&#x2F;27&#x2F;2020 -> Created file: MOVIT+_1_6808A8_20200126.json
2:37:05 PM 1&#x2F;27&#x2F;2020 -> Created file: MOVIT+_1_6808A8_20200125.json
2:37:05 PM 1&#x2F;27&#x2F;2020 -> Created file: MOVIT+_1_6808A8_20200124.json
2:37:05 PM 1&#x2F;27&#x2F;2020 -> File creation complete!
2:37:05 PM 1&#x2F;27&#x2F;2020 -> [object Object],[object Object],[object Object]
2:40:04 PM 1&#x2F;27&#x2F;2020 -> Created file: MOVIT+_1_6808A8_20200126.json
2:40:04 PM 1&#x2F;27&#x2F;2020 -> Created file: MOVIT+_1_6808A8_20200125.json
2:40:04 PM 1&#x2F;27&#x2F;2020 -> Created file: MOVIT+_1_6808A8_20200124.json
2:40:04 PM 1&#x2F;27&#x2F;2020 -> File creation complete!
2:40:04 PM 1&#x2F;27&#x2F;2020 -> [object Object],[object Object],[object Object]
3:19:01 PM 1&#x2F;27&#x2F;2020 -> Created file: MOVIT+_1_6808A8_20200126.json
3:19:02 PM 1&#x2F;27&#x2F;2020 -> Created file: MOVIT+_1_6808A8_20200125.json
3:19:02 PM 1&#x2F;27&#x2F;2020 -> Created file: MOVIT+_1_6808A8_20200124.json
3:19:02 PM 1&#x2F;27&#x2F;2020 -> File creation complete!
3:19:02 PM 1&#x2F;27&#x2F;2020 -> [object Object],[object Object],[object Object]
3:25:10 PM 1&#x2F;27&#x2F;2020 -> Created file: MOVIT+_1_6808A8_20200126.json
3:25:10 PM 1&#x2F;27&#x2F;2020 -> Created file: MOVIT+_1_6808A8_20200125.json
3:25:10 PM 1&#x2F;27&#x2F;2020 -> Created file: MOVIT+_1_6808A8_20200124.json
3:25:10 PM 1&#x2F;27&#x2F;2020 -> File creation complete!
3:25:10 PM 1&#x2F;27&#x2F;2020 -> [object Object],[object Object],[object Object]
3:34:55 PM 1&#x2F;27&#x2F;2020 -> Created file: MOVIT+_1_6808A8_20200126.json
3:34:55 PM 1&#x2F;27&#x2F;2020 -> Created file: MOVIT+_1_6808A8_20200125.json
3:34:55 PM 1&#x2F;27&#x2F;2020 -> Created file: MOVIT+_1_6808A8_20200124.json
3:34:55 PM 1&#x2F;27&#x2F;2020 -> File creation complete!
3:34:55 PM 1&#x2F;27&#x2F;2020 -> [object Object],[object Object],[object Object]
3:38:43 PM 1&#x2F;27&#x2F;2020 -> Created file: MOVIT+_1_6808A8_20200126.json
3:38:43 PM 1&#x2F;27&#x2F;2020 -> Created file: MOVIT+_1_6808A8_20200125.json
3:38:44 PM 1&#x2F;27&#x2F;2020 -> Created file: MOVIT+_1_6808A8_20200124.json
3:38:44 PM 1&#x2F;27&#x2F;2020 -> File creation complete!
3:38:44 PM 1&#x2F;27&#x2F;2020 -> [object Object],[object Object],[object Object]
3:39:55 PM 1&#x2F;27&#x2F;2020 -> Created file: MOVIT+_1_6808A8_20200126.json
3:39:55 PM 1&#x2F;27&#x2F;2020 -> Created file: MOVIT+_1_6808A8_20200125.json
3:39:56 PM 1&#x2F;27&#x2F;2020 -> Created file: MOVIT+_1_6808A8_20200124.json
3:39:56 PM 1&#x2F;27&#x2F;2020 -> File creation complete!
3:39:56 PM 1&#x2F;27&#x2F;2020 -> [object Object],[object Object],[object Object]
3:40:14 PM 1&#x2F;27&#x2F;2020 -> Created file: MOVIT+_1_6808A8_20200126.json
3:40:15 PM 1&#x2F;27&#x2F;2020 -> Created file: MOVIT+_1_6808A8_20200125.json
3:40:15 PM 1&#x2F;27&#x2F;2020 -> Created file: MOVIT+_1_6808A8_20200124.json
3:40:15 PM 1&#x2F;27&#x2F;2020 -> File creation complete!
3:40:15 PM 1&#x2F;27&#x2F;2020 -> [object Object],[object Object],[object Object]
3:40:41 PM 1&#x2F;27&#x2F;2020 -> Created file: MOVIT+_1_6808A8_20200126.json
3:40:42 PM 1&#x2F;27&#x2F;2020 -> Created file: MOVIT+_1_6808A8_20200125.json
3:40:42 PM 1&#x2F;27&#x2F;2020 -> Created file: MOVIT+_1_6808A8_20200124.json
3:40:42 PM 1&#x2F;27&#x2F;2020 -> File creation complete!
3:40:42 PM 1&#x2F;27&#x2F;2020 -> [object Object],[object Object],[object Object]
3:41:05 PM 1&#x2F;27&#x2F;2020 -> Created file: MOVIT+_1_6808A8_20200126.json
3:41:06 PM 1&#x2F;27&#x2F;2020 -> Created file: MOVIT+_1_6808A8_20200125.json
3:41:06 PM 1&#x2F;27&#x2F;2020 -> Created file: MOVIT+_1_6808A8_20200124.json
3:41:06 PM 1&#x2F;27&#x2F;2020 -> File creation complete!
3:41:06 PM 1&#x2F;27&#x2F;2020 -> [object Object],[object Object],[object Object]
3:41:23 PM 1&#x2F;27&#x2F;2020 -> Created file: MOVIT+_1_6808A8_20200126.json
3:41:24 PM 1&#x2F;27&#x2F;2020 -> Created file: MOVIT+_1_6808A8_20200125.json
3:41:24 PM 1&#x2F;27&#x2F;2020 -> Created file: MOVIT+_1_6808A8_20200124.json
3:41:24 PM 1&#x2F;27&#x2F;2020 -> File creation complete!
3:41:24 PM 1&#x2F;27&#x2F;2020 -> [object Object],[object Object],[object Object]
3:41:34 PM 1&#x2F;27&#x2F;2020 -> Created file: MOVIT+_1_6808A8_20200126.json
3:41:34 PM 1&#x2F;27&#x2F;2020 -> Created file: MOVIT+_1_6808A8_20200125.json
3:41:34 PM 1&#x2F;27&#x2F;2020 -> Created file: MOVIT+_1_6808A8_20200124.json
3:41:34 PM 1&#x2F;27&#x2F;2020 -> File creation complete!
3:41:34 PM 1&#x2F;27&#x2F;2020 -> [object Object],[object Object],[object Object]
3:44:07 PM 1&#x2F;27&#x2F;2020 -> Created file: MOVIT+_1_6808A8_20200126.json
3:44:07 PM 1&#x2F;27&#x2F;2020 -> Created file: MOVIT+_1_6808A8_20200125.json
3:44:07 PM 1&#x2F;27&#x2F;2020 -> Created file: MOVIT+_1_6808A8_20200124.json
3:44:07 PM 1&#x2F;27&#x2F;2020 -> File creation complete!
3:44:07 PM 1&#x2F;27&#x2F;2020 -> [object Object],[object Object],[object Object]
3:44:28 PM 1&#x2F;27&#x2F;2020 -> Created file: MOVIT+_1_6808A8_20200126.json
3:44:29 PM 1&#x2F;27&#x2F;2020 -> Created file: MOVIT+_1_6808A8_20200125.json
3:44:29 PM 1&#x2F;27&#x2F;2020 -> Created file: MOVIT+_1_6808A8_20200124.json
3:44:29 PM 1&#x2F;27&#x2F;2020 -> File creation complete!
3:44:29 PM 1&#x2F;27&#x2F;2020 -> [object Object],[object Object],[object Object]
3:46:34 PM 1&#x2F;27&#x2F;2020 -> Created file: MOVIT+_1_6808A8_20200126.json
3:46:34 PM 1&#x2F;27&#x2F;2020 -> Created file: MOVIT+_1_6808A8_20200125.json
3:46:34 PM 1&#x2F;27&#x2F;2020 -> Created file: MOVIT+_1_6808A8_20200124.json
3:46:34 PM 1&#x2F;27&#x2F;2020 -> File creation complete!
3:46:34 PM 1&#x2F;27&#x2F;2020 -> [object Object],[object Object],[object Object]
3:46:44 PM 1&#x2F;27&#x2F;2020 -> Created file: MOVIT+_1_6808A8_20200126.json
3:46:45 PM 1&#x2F;27&#x2F;2020 -> Created file: MOVIT+_1_6808A8_20200125.json
3:46:45 PM 1&#x2F;27&#x2F;2020 -> Created file: MOVIT+_1_6808A8_20200124.json
3:46:45 PM 1&#x2F;27&#x2F;2020 -> File creation complete!
3:46:45 PM 1&#x2F;27&#x2F;2020 -> [object Object],[object Object],[object Object]
3:47:31 PM 1&#x2F;27&#x2F;2020 -> Created file: MOVIT+_1_6808A8_20200126.json
3:47:31 PM 1&#x2F;27&#x2F;2020 -> Created file: MOVIT+_1_6808A8_20200125.json
3:47:31 PM 1&#x2F;27&#x2F;2020 -> Created file: MOVIT+_1_6808A8_20200124.json
3:47:31 PM 1&#x2F;27&#x2F;2020 -> File creation complete!
3:47:31 PM 1&#x2F;27&#x2F;2020 -> [object Object],[object Object],[object Object]
3:48:01 PM 1&#x2F;27&#x2F;2020 -> Created file: MOVIT+_1_6808A8_20200126.json
3:48:02 PM 1&#x2F;27&#x2F;2020 -> Created file: MOVIT+_1_6808A8_20200125.json
3:48:02 PM 1&#x2F;27&#x2F;2020 -> Created file: MOVIT+_1_6808A8_20200124.json
3:48:02 PM 1&#x2F;27&#x2F;2020 -> File creation complete!
3:48:02 PM 1&#x2F;27&#x2F;2020 -> [object Object],[object Object],[object Object]
3:49:42 PM 1&#x2F;27&#x2F;2020 -> Created file: MOVIT+_1_6808A8_20200126.json
3:49:43 PM 1&#x2F;27&#x2F;2020 -> Created file: MOVIT+_1_6808A8_20200125.json
3:49:43 PM 1&#x2F;27&#x2F;2020 -> Created file: MOVIT+_1_6808A8_20200124.json
3:49:43 PM 1&#x2F;27&#x2F;2020 -> File creation complete!
3:49:43 PM 1&#x2F;27&#x2F;2020 -> [object Object],[object Object],[object Object]
3:51:23 PM 1&#x2F;27&#x2F;2020 -> Created file: MOVIT+_1_6808A8_20200126.json
3:51:24 PM 1&#x2F;27&#x2F;2020 -> Created file: MOVIT+_1_6808A8_20200125.json
3:51:24 PM 1&#x2F;27&#x2F;2020 -> Created file: MOVIT+_1_6808A8_20200124.json
3:51:24 PM 1&#x2F;27&#x2F;2020 -> File creation complete!
3:51:24 PM 1&#x2F;27&#x2F;2020 -> [object Object],[object Object],[object Object]
3:51:32 PM 1&#x2F;27&#x2F;2020 -> Sent file: MOVIT+_1_6808A8_20200126.json
3:51:39 PM 1&#x2F;27&#x2F;2020 -> Sent file: MOVIT+_1_6808A8_20200125.json
3:51:46 PM 1&#x2F;27&#x2F;2020 -> Sent file: MOVIT+_1_6808A8_20200124.json
3:51:46 PM 1&#x2F;27&#x2F;2020 -> Sent complete!
3:53:03 PM 1&#x2F;27&#x2F;2020 -> File creation complete!
3:53:03 PM 1&#x2F;27&#x2F;2020 -> 
3:53:03 PM 1&#x2F;27&#x2F;2020 -> Sent complete!
3:53:20 PM 1&#x2F;27&#x2F;2020 -> File creation complete!
3:53:20 PM 1&#x2F;27&#x2F;2020 -> 
3:53:20 PM 1&#x2F;27&#x2F;2020 -> Sent complete!
3:54:04 PM 1&#x2F;27&#x2F;2020 -> File creation complete!
3:54:04 PM 1&#x2F;27&#x2F;2020 -> 
3:54:04 PM 1&#x2F;27&#x2F;2020 -> Sent complete!
3:56:56 PM 1&#x2F;27&#x2F;2020 -> File creation complete!
3:56:56 PM 1&#x2F;27&#x2F;2020 -> 
3:56:56 PM 1&#x2F;27&#x2F;2020 -> Sent complete!
3:58:11 PM 1&#x2F;27&#x2F;2020 -> File creation complete!
3:58:11 PM 1&#x2F;27&#x2F;2020 -> 
3:58:11 PM 1&#x2F;27&#x2F;2020 -> Sent complete!
3:58:32 PM 1&#x2F;27&#x2F;2020 -> File creation complete!
3:58:32 PM 1&#x2F;27&#x2F;2020 -> 
3:58:32 PM 1&#x2F;27&#x2F;2020 -> Sent complete!
4:04:28 PM 1&#x2F;27&#x2F;2020 -> File creation complete!
4:04:28 PM 1&#x2F;27&#x2F;2020 -> Sending saved parameter
4:04:28 PM 1&#x2F;27&#x2F;2020 -> 
4:04:28 PM 1&#x2F;27&#x2F;2020 -> Sent complete!
5:04:28 PM 1&#x2F;27&#x2F;2020 -> File creation complete!
5:04:28 PM 1&#x2F;27&#x2F;2020 -> 
5:04:28 PM 1&#x2F;27&#x2F;2020 -> Sent complete!
6:04:28 PM 1&#x2F;27&#x2F;2020 -> File creation complete!
6:04:28 PM 1&#x2F;27&#x2F;2020 -> 
6:04:28 PM 1&#x2F;27&#x2F;2020 -> Sent complete!
7:04:28 PM 1&#x2F;27&#x2F;2020 -> File creation complete!
7:04:28 PM 1&#x2F;27&#x2F;2020 -> 
7:04:28 PM 1&#x2F;27&#x2F;2020 -> Sent complete!
8:04:28 PM 1&#x2F;27&#x2F;2020 -> File creation complete!
8:04:28 PM 1&#x2F;27&#x2F;2020 -> 
8:04:28 PM 1&#x2F;27&#x2F;2020 -> Sent complete!
9:04:28 PM 1&#x2F;27&#x2F;2020 -> File creation complete!
9:04:28 PM 1&#x2F;27&#x2F;2020 -> 
9:04:28 PM 1&#x2F;27&#x2F;2020 -> Sent complete!
10:04:28 PM 1&#x2F;27&#x2F;2020 -> File creation complete!
10:04:28 PM 1&#x2F;27&#x2F;2020 -> 
10:04:28 PM 1&#x2F;27&#x2F;2020 -> Sent complete!
11:04:28 PM 1&#x2F;27&#x2F;2020 -> File creation complete!
11:04:28 PM 1&#x2F;27&#x2F;2020 -> 
11:04:28 PM 1&#x2F;27&#x2F;2020 -> Sent complete!
12:04:29 AM 1&#x2F;28&#x2F;2020 -> Created file: MOVIT+_1_6808A8_20200127.json
12:04:29 AM 1&#x2F;28&#x2F;2020 -> File creation complete!
12:04:29 AM 1&#x2F;28&#x2F;2020 -> [object Object]
12:04:36 AM 1&#x2F;28&#x2F;2020 -> Sent file: MOVIT+_1_6808A8_20200127.json
12:04:36 AM 1&#x2F;28&#x2F;2020 -> Sent complete!
1:04:28 AM 1&#x2F;28&#x2F;2020 -> File creation complete!
1:04:28 AM 1&#x2F;28&#x2F;2020 -> 
1:04:28 AM 1&#x2F;28&#x2F;2020 -> Sent complete!
2:04:28 AM 1&#x2F;28&#x2F;2020 -> File creation complete!
2:04:28 AM 1&#x2F;28&#x2F;2020 -> 
2:04:28 AM 1&#x2F;28&#x2F;2020 -> Sent complete!
3:04:28 AM 1&#x2F;28&#x2F;2020 -> File creation complete!
3:04:28 AM 1&#x2F;28&#x2F;2020 -> 
3:04:28 AM 1&#x2F;28&#x2F;2020 -> Sent complete!
4:04:28 AM 1&#x2F;28&#x2F;2020 -> File creation complete!
4:04:28 AM 1&#x2F;28&#x2F;2020 -> 
4:04:28 AM 1&#x2F;28&#x2F;2020 -> Sent complete!
5:04:28 AM 1&#x2F;28&#x2F;2020 -> File creation complete!
5:04:28 AM 1&#x2F;28&#x2F;2020 -> 
5:04:28 AM 1&#x2F;28&#x2F;2020 -> Sent complete!
6:04:28 AM 1&#x2F;28&#x2F;2020 -> File creation complete!
6:04:28 AM 1&#x2F;28&#x2F;2020 -> 
6:04:28 AM 1&#x2F;28&#x2F;2020 -> Sent complete!
7:04:28 AM 1&#x2F;28&#x2F;2020 -> File creation complete!
7:04:28 AM 1&#x2F;28&#x2F;2020 -> 
7:04:28 AM 1&#x2F;28&#x2F;2020 -> Sent complete!
8:04:28 AM 1&#x2F;28&#x2F;2020 -> File creation complete!
8:04:28 AM 1&#x2F;28&#x2F;2020 -> 
8:04:28 AM 1&#x2F;28&#x2F;2020 -> Sent complete!
9:04:28 AM 1&#x2F;28&#x2F;2020 -> File creation complete!
9:04:28 AM 1&#x2F;28&#x2F;2020 -> 
9:04:28 AM 1&#x2F;28&#x2F;2020 -> Sent complete!
10:04:28 AM 1&#x2F;28&#x2F;2020 -> File creation complete!
10:04:28 AM 1&#x2F;28&#x2F;2020 -> 
10:04:28 AM 1&#x2F;28&#x2F;2020 -> Sent complete!
11:04:28 AM 1&#x2F;28&#x2F;2020 -> File creation complete!
11:04:28 AM 1&#x2F;28&#x2F;2020 -> 
11:04:28 AM 1&#x2F;28&#x2F;2020 -> Sent complete!
12:04:28 PM 1&#x2F;28&#x2F;2020 -> File creation complete!
12:04:28 PM 1&#x2F;28&#x2F;2020 -> 
12:04:28 PM 1&#x2F;28&#x2F;2020 -> Sent complete!
1:04:28 PM 1&#x2F;28&#x2F;2020 -> File creation complete!
1:04:28 PM 1&#x2F;28&#x2F;2020 -> 
1:04:28 PM 1&#x2F;28&#x2F;2020 -> Sent complete!
2:04:28 PM 1&#x2F;28&#x2F;2020 -> File creation complete!
2:04:28 PM 1&#x2F;28&#x2F;2020 -> 
2:04:28 PM 1&#x2F;28&#x2F;2020 -> Sent complete!
3:04:28 PM 1&#x2F;28&#x2F;2020 -> File creation complete!
3:04:28 PM 1&#x2F;28&#x2F;2020 -> 
3:04:28 PM 1&#x2F;28&#x2F;2020 -> Sent complete!
4:04:28 PM 1&#x2F;28&#x2F;2020 -> File creation complete!
4:04:28 PM 1&#x2F;28&#x2F;2020 -> 
4:04:28 PM 1&#x2F;28&#x2F;2020 -> Sent complete!
5:04:28 PM 1&#x2F;28&#x2F;2020 -> File creation complete!
5:04:28 PM 1&#x2F;28&#x2F;2020 -> 
5:04:28 PM 1&#x2F;28&#x2F;2020 -> Sent complete!
5:56:37 PM 1&#x2F;28&#x2F;2020 -> Sending saved parameter
5:56:37 PM 1&#x2F;28&#x2F;2020 -> File creation complete!
5:56:37 PM 1&#x2F;28&#x2F;2020 -> 
5:56:37 PM 1&#x2F;28&#x2F;2020 -> Sent complete!
5:56:37 PM 1&#x2F;28&#x2F;2020 -> Closing NotificationState
5:56:37 PM 1&#x2F;28&#x2F;2020 -> Closing SeatingState
5:56:38 PM 1&#x2F;28&#x2F;2020 -> Closing AngleState
